# JRE version: OpenJDK Runtime Environment (21.0.6) (build 21.0.6+-13368085-b895.109)
# Java VM: OpenJDK 64-Bit Server VM (21.0.6+-13368085-b895.109, mixed mode, tiered, compressed oops, compressed class ptrs, g1 gc, windows-amd64)
GC Precious Log:
 CardTable entry size: 512
 Card Set container configuration: InlinePtr #cards 5 size 8 Array Of Cards #cards 12 size 40 Howl #buckets 4 coarsen threshold 1843 Howl Bitmap #cards 512 size 80 coarsen threshold 460 Card regions per heap region 1 cards per card region 2048
 CPUs: 8 total, 8 available
 Memory: 16068M
 Large Page Support: Disabled
 NUMA Support: Disabled
 Compressed Oops: Enabled (32-bit)
 Heap Region Size: 1M
 Heap Min Capacity: 8M
 Heap Initial Capacity: 252M
 Heap Max Capacity: 2G
 Pre-touch: Disabled
 Parallel Workers: 8
 Concurrent Workers: 2
 Concurrent Refinement Workers: 8
 Periodic GC: Disabled
Heap:
 garbage-first heap   total 306176K, used 182495K [0x0000000080000000, 0x0000000100000000)
  region size 1024K, 7 young (7168K), 7 survivors (7168K)
 Metaspace       used 129792K, committed 132032K, reserved 1179648K
  class space    used 17752K, committed 18880K, reserved 1048576K
GC Heap History (20 events):
Event: 14.351 GC heap after
{Heap after GC invocations=39 (full 0):
 garbage-first heap   total 280576K, used 100084K [0x0000000080000000, 0x0000000100000000)
  region size 1024K, 16 young (16384K), 16 survivors (16384K)
 Metaspace       used 104543K, committed 106560K, reserved 1179648K
  class space    used 14369K, committed 15360K, reserved 1048576K
}
Event: 15.192 GC heap before
{Heap before GC invocations=39 (full 0):
 garbage-first heap   total 280576K, used 238324K [0x0000000080000000, 0x0000000100000000)
  region size 1024K, 152 young (155648K), 16 survivors (16384K)
 Metaspace       used 105707K, committed 107712K, reserved 1179648K
  class space    used 14490K, committed 15488K, reserved 1048576K
}
Event: 15.207 GC heap after
{Heap after GC invocations=40 (full 0):
 garbage-first heap   total 280576K, used 107697K [0x0000000080000000, 0x0000000100000000)
  region size 1024K, 9 young (9216K), 9 survivors (9216K)
 Metaspace       used 105707K, committed 107712K, reserved 1179648K
  class space    used 14490K, committed 15488K, reserved 1048576K
}
Event: 16.823 GC heap before
{Heap before GC invocations=40 (full 0):
 garbage-first heap   total 280576K, used 244913K [0x0000000080000000, 0x0000000100000000)
  region size 1024K, 144 young (147456K), 9 survivors (9216K)
 Metaspace       used 109378K, committed 111424K, reserved 1179648K
  class space    used 14938K, committed 16000K, reserved 1048576K
}
Event: 16.832 GC heap after
{Heap after GC invocations=41 (full 0):
 garbage-first heap   total 280576K, used 113968K [0x0000000080000000, 0x0000000100000000)
  region size 1024K, 15 young (15360K), 15 survivors (15360K)
 Metaspace       used 109378K, committed 111424K, reserved 1179648K
  class space    used 14938K, committed 16000K, reserved 1048576K
}
Event: 60.365 GC heap before
{Heap before GC invocations=42 (full 0):
 garbage-first heap   total 280576K, used 253232K [0x0000000080000000, 0x0000000100000000)
  region size 1024K, 147 young (150528K), 15 survivors (15360K)
 Metaspace       used 112025K, committed 114176K, reserved 1179648K
  class space    used 15233K, committed 16320K, reserved 1048576K
}
Event: 60.375 GC heap after
{Heap after GC invocations=43 (full 0):
 garbage-first heap   total 280576K, used 118970K [0x0000000080000000, 0x0000000100000000)
  region size 1024K, 12 young (12288K), 12 survivors (12288K)
 Metaspace       used 112025K, committed 114176K, reserved 1179648K
  class space    used 15233K, committed 16320K, reserved 1048576K
}
Event: 60.871 GC heap before
{Heap before GC invocations=43 (full 0):
 garbage-first heap   total 280576K, used 255162K [0x0000000080000000, 0x0000000100000000)
  region size 1024K, 142 young (145408K), 12 survivors (12288K)
 Metaspace       used 114415K, committed 116672K, reserved 1179648K
  class space    used 15556K, committed 16704K, reserved 1048576K
}
Event: 60.885 GC heap after
{Heap after GC invocations=44 (full 0):
 garbage-first heap   total 283648K, used 136089K [0x0000000080000000, 0x0000000100000000)
  region size 1024K, 18 young (18432K), 18 survivors (18432K)
 Metaspace       used 114415K, committed 116672K, reserved 1179648K
  class space    used 15556K, committed 16704K, reserved 1048576K
}
Event: 61.596 GC heap before
{Heap before GC invocations=44 (full 0):
 garbage-first heap   total 283648K, used 248729K [0x0000000080000000, 0x0000000100000000)
  region size 1024K, 129 young (132096K), 18 survivors (18432K)
 Metaspace       used 122092K, committed 124288K, reserved 1179648K
  class space    used 16670K, committed 17792K, reserved 1048576K
}
Event: 61.614 GC heap after
{Heap after GC invocations=45 (full 0):
 garbage-first heap   total 284672K, used 149862K [0x0000000080000000, 0x0000000100000000)
  region size 1024K, 16 young (16384K), 16 survivors (16384K)
 Metaspace       used 122092K, committed 124288K, reserved 1179648K
  class space    used 16670K, committed 17792K, reserved 1048576K
}
Event: 61.966 GC heap before
{Heap before GC invocations=46 (full 0):
 garbage-first heap   total 284672K, used 251238K [0x0000000080000000, 0x0000000100000000)
  region size 1024K, 116 young (118784K), 16 survivors (16384K)
 Metaspace       used 124766K, committed 126976K, reserved 1179648K
  class space    used 17093K, committed 18240K, reserved 1048576K
}
Event: 61.984 GC heap after
{Heap after GC invocations=47 (full 0):
 garbage-first heap   total 285696K, used 166598K [0x0000000080000000, 0x0000000100000000)
  region size 1024K, 15 young (15360K), 15 survivors (15360K)
 Metaspace       used 124766K, committed 126976K, reserved 1179648K
  class space    used 17093K, committed 18240K, reserved 1048576K
}
Event: 62.389 GC heap before
{Heap before GC invocations=47 (full 0):
 garbage-first heap   total 285696K, used 253638K [0x0000000080000000, 0x0000000100000000)
  region size 1024K, 101 young (103424K), 15 survivors (15360K)
 Metaspace       used 128181K, committed 130368K, reserved 1179648K
  class space    used 17621K, committed 18752K, reserved 1048576K
}
Event: 62.403 GC heap after
{Heap after GC invocations=48 (full 0):
 garbage-first heap   total 285696K, used 178287K [0x0000000080000000, 0x0000000100000000)
  region size 1024K, 11 young (11264K), 11 survivors (11264K)
 Metaspace       used 128181K, committed 130368K, reserved 1179648K
  class space    used 17621K, committed 18752K, reserved 1048576K
}
Event: 62.625 GC heap before
{Heap before GC invocations=48 (full 0):
 garbage-first heap   total 285696K, used 258159K [0x0000000080000000, 0x0000000100000000)
  region size 1024K, 89 young (91136K), 11 survivors (11264K)
 Metaspace       used 128838K, committed 131072K, reserved 1179648K
  class space    used 17682K, committed 18816K, reserved 1048576K
}
Event: 62.634 GC heap after
{Heap after GC invocations=49 (full 0):
 garbage-first heap   total 285696K, used 183296K [0x0000000080000000, 0x0000000100000000)
  region size 1024K, 6 young (6144K), 6 survivors (6144K)
 Metaspace       used 128838K, committed 131072K, reserved 1179648K
  class space    used 17682K, committed 18816K, reserved 1048576K
}
Event: 62.978 GC heap before
{Heap before GC invocations=50 (full 0):
 garbage-first heap   total 306176K, used 261120K [0x0000000080000000, 0x0000000100000000)
  region size 1024K, 83 young (84992K), 6 survivors (6144K)
 Metaspace       used 129468K, committed 131712K, reserved 1179648K
  class space    used 17736K, committed 18880K, reserved 1048576K
}
Event: 62.983 GC heap after
{Heap after GC invocations=51 (full 0):
 garbage-first heap   total 306176K, used 183296K [0x0000000080000000, 0x0000000100000000)
  region size 1024K, 6 young (6144K), 6 survivors (6144K)
 Metaspace       used 129468K, committed 131712K, reserved 1179648K
  class space    used 17736K, committed 18880K, reserved 1048576K
}
Event: 63.195 GC heap before
{Heap before GC invocations=51 (full 0):
 garbage-first heap   total 306176K, used 277504K [0x0000000080000000, 0x0000000100000000)
  region size 1024K, 98 young (100352K), 6 survivors (6144K)
 Metaspace       used 129792K, committed 132032K, reserved 1179648K
  class space    used 17752K, committed 18880K, reserved 1048576K
}

