# JRE version: OpenJDK Runtime Environment (21.0.6) (build 21.0.6+-13368085-b895.109)
# Java VM: OpenJDK 64-Bit Server VM (21.0.6+-13368085-b895.109, mixed mode, tiered, compressed oops, compressed class ptrs, g1 gc, windows-amd64)
GC Precious Log:
 CardTable entry size: 512
 Card Set container configuration: InlinePtr #cards 5 size 8 Array Of Cards #cards 12 size 40 Howl #buckets 4 coarsen threshold 1843 Howl Bitmap #cards 512 size 80 coarsen threshold 460 Card regions per heap region 1 cards per card region 2048
 CPUs: 8 total, 8 available
 Memory: 16068M
 Large Page Support: Disabled
 NUMA Support: Disabled
 Compressed Oops: Enabled (32-bit)
 Heap Region Size: 1M
 Heap Min Capacity: 8M
 Heap Initial Capacity: 252M
 Heap Max Capacity: 2G
 Pre-touch: Disabled
 Parallel Workers: 8
 Concurrent Workers: 2
 Concurrent Refinement Workers: 8
 Periodic GC: Disabled
Heap:
 garbage-first heap   total 433152K, used 292590K [0x0000000080000000, 0x0000000100000000)
  region size 1024K, 147 young (150528K), 9 survivors (9216K)
 Metaspace       used 116431K, committed 118528K, reserved 1179648K
  class space    used 15887K, committed 16960K, reserved 1048576K
GC Heap History (20 events):
Event: 12.958 GC heap before
{Heap before GC invocations=37 (full 0):
 garbage-first heap   total 160768K, used 130082K [0x0000000080000000, 0x0000000100000000)
  region size 1024K, 41 young (41984K), 6 survivors (6144K)
 Metaspace       used 104308K, committed 106368K, reserved 1179648K
  class space    used 14357K, committed 15424K, reserved 1048576K
}
Event: 12.968 GC heap after
{Heap after GC invocations=38 (full 0):
 garbage-first heap   total 160768K, used 101202K [0x0000000080000000, 0x0000000100000000)
  region size 1024K, 6 young (6144K), 6 survivors (6144K)
 Metaspace       used 104308K, committed 106368K, reserved 1179648K
  class space    used 14357K, committed 15424K, reserved 1048576K
}
Event: 13.545 GC heap before
{Heap before GC invocations=38 (full 0):
 garbage-first heap   total 160768K, used 144210K [0x0000000080000000, 0x0000000100000000)
  region size 1024K, 49 young (50176K), 6 survivors (6144K)
 Metaspace       used 104778K, committed 106880K, reserved 1179648K
  class space    used 14376K, committed 15424K, reserved 1048576K
}
Event: 13.553 GC heap after
{Heap after GC invocations=39 (full 0):
 garbage-first heap   total 193536K, used 102851K [0x0000000080000000, 0x0000000100000000)
  region size 1024K, 3 young (3072K), 3 survivors (3072K)
 Metaspace       used 104778K, committed 106880K, reserved 1179648K
  class space    used 14376K, committed 15424K, reserved 1048576K
}
Event: 14.209 GC heap before
{Heap before GC invocations=39 (full 0):
 garbage-first heap   total 193536K, used 172483K [0x0000000080000000, 0x0000000100000000)
  region size 1024K, 72 young (73728K), 3 survivors (3072K)
 Metaspace       used 105493K, committed 107584K, reserved 1179648K
  class space    used 14474K, committed 15552K, reserved 1048576K
}
Event: 14.215 GC heap after
{Heap after GC invocations=40 (full 0):
 garbage-first heap   total 193536K, used 106553K [0x0000000080000000, 0x0000000100000000)
  region size 1024K, 7 young (7168K), 7 survivors (7168K)
 Metaspace       used 105493K, committed 107584K, reserved 1179648K
  class space    used 14474K, committed 15552K, reserved 1048576K
}
Event: 14.578 GC heap before
{Heap before GC invocations=40 (full 0):
 garbage-first heap   total 193536K, used 174137K [0x0000000080000000, 0x0000000100000000)
  region size 1024K, 74 young (75776K), 7 survivors (7168K)
 Metaspace       used 105764K, committed 107840K, reserved 1179648K
  class space    used 14502K, committed 15552K, reserved 1048576K
}
Event: 14.585 GC heap after
{Heap after GC invocations=41 (full 0):
 garbage-first heap   total 193536K, used 111076K [0x0000000080000000, 0x0000000100000000)
  region size 1024K, 9 young (9216K), 9 survivors (9216K)
 Metaspace       used 105764K, committed 107840K, reserved 1179648K
  class space    used 14502K, committed 15552K, reserved 1048576K
}
Event: 14.841 GC heap before
{Heap before GC invocations=41 (full 0):
 garbage-first heap   total 193536K, used 145892K [0x0000000080000000, 0x0000000100000000)
  region size 1024K, 45 young (46080K), 9 survivors (9216K)
 Metaspace       used 105954K, committed 108032K, reserved 1179648K
  class space    used 14533K, committed 15616K, reserved 1048576K
}
Event: 14.847 GC heap after
{Heap after GC invocations=42 (full 0):
 garbage-first heap   total 193536K, used 113189K [0x0000000080000000, 0x0000000100000000)
  region size 1024K, 7 young (7168K), 7 survivors (7168K)
 Metaspace       used 105954K, committed 108032K, reserved 1179648K
  class space    used 14533K, committed 15616K, reserved 1048576K
}
Event: 15.175 GC heap before
{Heap before GC invocations=43 (full 0):
 garbage-first heap   total 198656K, used 178725K [0x0000000080000000, 0x0000000100000000)
  region size 1024K, 67 young (68608K), 7 survivors (7168K)
 Metaspace       used 108002K, committed 110144K, reserved 1179648K
  class space    used 14719K, committed 15808K, reserved 1048576K
}
Event: 15.181 GC heap after
{Heap after GC invocations=44 (full 0):
 garbage-first heap   total 198656K, used 115377K [0x0000000080000000, 0x0000000100000000)
  region size 1024K, 5 young (5120K), 5 survivors (5120K)
 Metaspace       used 108002K, committed 110144K, reserved 1179648K
  class space    used 14719K, committed 15808K, reserved 1048576K
}
Event: 15.624 GC heap before
{Heap before GC invocations=44 (full 0):
 garbage-first heap   total 198656K, used 185009K [0x0000000080000000, 0x0000000100000000)
  region size 1024K, 70 young (71680K), 5 survivors (5120K)
 Metaspace       used 108179K, committed 110272K, reserved 1179648K
  class space    used 14733K, committed 15808K, reserved 1048576K
}
Event: 15.636 GC heap after
{Heap after GC invocations=45 (full 0):
 garbage-first heap   total 204800K, used 129298K [0x0000000080000000, 0x0000000100000000)
  region size 1024K, 9 young (9216K), 9 survivors (9216K)
 Metaspace       used 108179K, committed 110272K, reserved 1179648K
  class space    used 14733K, committed 15808K, reserved 1048576K
}
Event: 16.223 GC heap before
{Heap before GC invocations=45 (full 0):
 garbage-first heap   total 204800K, used 184594K [0x0000000080000000, 0x0000000100000000)
  region size 1024K, 63 young (64512K), 9 survivors (9216K)
 Metaspace       used 108908K, committed 110976K, reserved 1179648K
  class space    used 14836K, committed 15872K, reserved 1048576K
}
Event: 16.235 GC heap after
{Heap after GC invocations=46 (full 0):
 garbage-first heap   total 204800K, used 137216K [0x0000000080000000, 0x0000000100000000)
  region size 1024K, 8 young (8192K), 8 survivors (8192K)
 Metaspace       used 108908K, committed 110976K, reserved 1179648K
  class space    used 14836K, committed 15872K, reserved 1048576K
}
Event: 16.445 GC heap before
{Heap before GC invocations=47 (full 0):
 garbage-first heap   total 229376K, used 183296K [0x0000000080000000, 0x0000000100000000)
  region size 1024K, 54 young (55296K), 8 survivors (8192K)
 Metaspace       used 109823K, committed 111936K, reserved 1179648K
  class space    used 14950K, committed 16000K, reserved 1048576K
}
Event: 16.452 GC heap after
{Heap after GC invocations=48 (full 0):
 garbage-first heap   total 229376K, used 145694K [0x0000000080000000, 0x0000000100000000)
  region size 1024K, 7 young (7168K), 7 survivors (7168K)
 Metaspace       used 109823K, committed 111936K, reserved 1179648K
  class space    used 14950K, committed 16000K, reserved 1048576K
}
Event: 16.638 GC heap before
{Heap before GC invocations=48 (full 0):
 garbage-first heap   total 229376K, used 205086K [0x0000000080000000, 0x0000000100000000)
  region size 1024K, 66 young (67584K), 7 survivors (7168K)
 Metaspace       used 111097K, committed 113216K, reserved 1179648K
  class space    used 15116K, committed 16192K, reserved 1048576K
}
Event: 16.646 GC heap after
{Heap after GC invocations=49 (full 0):
 garbage-first heap   total 433152K, used 153326K [0x0000000080000000, 0x0000000100000000)
  region size 1024K, 9 young (9216K), 9 survivors (9216K)
 Metaspace       used 111097K, committed 113216K, reserved 1179648K
  class space    used 15116K, committed 16192K, reserved 1048576K
}

