# JRE version: OpenJDK Runtime Environment (21.0.6) (build 21.0.6+-13368085-b895.109)
# Java VM: OpenJDK 64-Bit Server VM (21.0.6+-13368085-b895.109, mixed mode, tiered, compressed oops, compressed class ptrs, g1 gc, windows-amd64)
GC Precious Log:
 CardTable entry size: 512
 Card Set container configuration: InlinePtr #cards 5 size 8 Array Of Cards #cards 12 size 40 Howl #buckets 4 coarsen threshold 1843 Howl Bitmap #cards 512 size 80 coarsen threshold 460 Card regions per heap region 1 cards per card region 2048
 CPUs: 8 total, 8 available
 Memory: 16068M
 Large Page Support: Disabled
 NUMA Support: Disabled
 Compressed Oops: Enabled (32-bit)
 Heap Region Size: 1M
 Heap Min Capacity: 8M
 Heap Initial Capacity: 252M
 Heap Max Capacity: 2G
 Pre-touch: Disabled
 Parallel Workers: 8
 Concurrent Workers: 2
 Concurrent Refinement Workers: 8
 Periodic GC: Disabled
Heap:
 garbage-first heap   total 377856K, used 283533K [0x0000000080000000, 0x0000000100000000)
  region size 1024K, 127 young (130048K), 9 survivors (9216K)
 Metaspace       used 123258K, committed 125440K, reserved 1179648K
  class space    used 17016K, committed 18112K, reserved 1048576K
GC Heap History (20 events):
Event: 12.950 GC heap before
{Heap before GC invocations=37 (full 0):
 garbage-first heap   total 184320K, used 165426K [0x0000000080000000, 0x0000000100000000)
  region size 1024K, 62 young (63488K), 4 survivors (4096K)
 Metaspace       used 105726K, committed 107840K, reserved 1179648K
  class space    used 14508K, committed 15552K, reserved 1048576K
}
Event: 12.956 GC heap after
{Heap after GC invocations=38 (full 0):
 garbage-first heap   total 184320K, used 110698K [0x0000000080000000, 0x0000000100000000)
  region size 1024K, 8 young (8192K), 8 survivors (8192K)
 Metaspace       used 105726K, committed 107840K, reserved 1179648K
  class space    used 14508K, committed 15552K, reserved 1048576K
}
Event: 13.287 GC heap before
{Heap before GC invocations=39 (full 0):
 garbage-first heap   total 186368K, used 163946K [0x0000000080000000, 0x0000000100000000)
  region size 1024K, 61 young (62464K), 8 survivors (8192K)
 Metaspace       used 105850K, committed 107968K, reserved 1179648K
  class space    used 14517K, committed 15616K, reserved 1048576K
}
Event: 13.294 GC heap after
{Heap after GC invocations=40 (full 0):
 garbage-first heap   total 186368K, used 112905K [0x0000000080000000, 0x0000000100000000)
  region size 1024K, 7 young (7168K), 7 survivors (7168K)
 Metaspace       used 105850K, committed 107968K, reserved 1179648K
  class space    used 14517K, committed 15616K, reserved 1048576K
}
Event: 13.551 GC heap before
{Heap before GC invocations=40 (full 0):
 garbage-first heap   total 186368K, used 172297K [0x0000000080000000, 0x0000000100000000)
  region size 1024K, 61 young (62464K), 7 survivors (7168K)
 Metaspace       used 108028K, committed 110144K, reserved 1179648K
  class space    used 14731K, committed 15808K, reserved 1048576K
}
Event: 13.559 GC heap after
{Heap after GC invocations=41 (full 0):
 garbage-first heap   total 187392K, used 115139K [0x0000000080000000, 0x0000000100000000)
  region size 1024K, 6 young (6144K), 6 survivors (6144K)
 Metaspace       used 108028K, committed 110144K, reserved 1179648K
  class space    used 14731K, committed 15808K, reserved 1048576K
}
Event: 13.694 GC heap before
{Heap before GC invocations=41 (full 0):
 garbage-first heap   total 187392K, used 148931K [0x0000000080000000, 0x0000000100000000)
  region size 1024K, 41 young (41984K), 6 survivors (6144K)
 Metaspace       used 108180K, committed 110336K, reserved 1179648K
  class space    used 14735K, committed 15808K, reserved 1048576K
}
Event: 13.702 GC heap after
{Heap after GC invocations=42 (full 0):
 garbage-first heap   total 225280K, used 120002K [0x0000000080000000, 0x0000000100000000)
  region size 1024K, 8 young (8192K), 8 survivors (8192K)
 Metaspace       used 108180K, committed 110336K, reserved 1179648K
  class space    used 14735K, committed 15808K, reserved 1048576K
}
Event: 13.747 GC heap before
{Heap before GC invocations=42 (full 0):
 garbage-first heap   total 225280K, used 130242K [0x0000000080000000, 0x0000000100000000)
  region size 1024K, 18 young (18432K), 8 survivors (8192K)
 Metaspace       used 108383K, committed 110528K, reserved 1179648K
  class space    used 14760K, committed 15872K, reserved 1048576K
}
Event: 13.752 GC heap after
{Heap after GC invocations=43 (full 0):
 garbage-first heap   total 225280K, used 124838K [0x0000000080000000, 0x0000000100000000)
  region size 1024K, 8 young (8192K), 8 survivors (8192K)
 Metaspace       used 108383K, committed 110528K, reserved 1179648K
  class space    used 14760K, committed 15872K, reserved 1048576K
}
Event: 14.046 GC heap before
{Heap before GC invocations=44 (full 0):
 garbage-first heap   total 225280K, used 186278K [0x0000000080000000, 0x0000000100000000)
  region size 1024K, 67 young (68608K), 8 survivors (8192K)
 Metaspace       used 110162K, committed 112256K, reserved 1179648K
  class space    used 15001K, committed 16064K, reserved 1048576K
}
Event: 14.052 GC heap after
{Heap after GC invocations=45 (full 0):
 garbage-first heap   total 225280K, used 133111K [0x0000000080000000, 0x0000000100000000)
  region size 1024K, 9 young (9216K), 9 survivors (9216K)
 Metaspace       used 110162K, committed 112256K, reserved 1179648K
  class space    used 15001K, committed 16064K, reserved 1048576K
}
Event: 14.294 GC heap before
{Heap before GC invocations=45 (full 0):
 garbage-first heap   total 225280K, used 191479K [0x0000000080000000, 0x0000000100000000)
  region size 1024K, 67 young (68608K), 9 survivors (9216K)
 Metaspace       used 113069K, committed 115200K, reserved 1179648K
  class space    used 15451K, committed 16576K, reserved 1048576K
}
Event: 14.301 GC heap after
{Heap after GC invocations=46 (full 0):
 garbage-first heap   total 225280K, used 139868K [0x0000000080000000, 0x0000000100000000)
  region size 1024K, 8 young (8192K), 8 survivors (8192K)
 Metaspace       used 113069K, committed 115200K, reserved 1179648K
  class space    used 15451K, committed 16576K, reserved 1048576K
}
Event: 14.468 GC heap before
{Heap before GC invocations=46 (full 0):
 garbage-first heap   total 225280K, used 196188K [0x0000000080000000, 0x0000000100000000)
  region size 1024K, 64 young (65536K), 8 survivors (8192K)
 Metaspace       used 114635K, committed 116736K, reserved 1179648K
  class space    used 15650K, committed 16704K, reserved 1048576K
}
Event: 14.478 GC heap after
{Heap after GC invocations=47 (full 0):
 garbage-first heap   total 225280K, used 149103K [0x0000000080000000, 0x0000000100000000)
  region size 1024K, 8 young (8192K), 8 survivors (8192K)
 Metaspace       used 114635K, committed 116736K, reserved 1179648K
  class space    used 15650K, committed 16704K, reserved 1048576K
}
Event: 14.755 GC heap before
{Heap before GC invocations=48 (full 0):
 garbage-first heap   total 249856K, used 199279K [0x0000000080000000, 0x0000000100000000)
  region size 1024K, 58 young (59392K), 8 survivors (8192K)
 Metaspace       used 117630K, committed 119808K, reserved 1179648K
  class space    used 16075K, committed 17152K, reserved 1048576K
}
Event: 14.766 GC heap after
{Heap after GC invocations=49 (full 0):
 garbage-first heap   total 249856K, used 156632K [0x0000000080000000, 0x0000000100000000)
  region size 1024K, 7 young (7168K), 7 survivors (7168K)
 Metaspace       used 117630K, committed 119808K, reserved 1179648K
  class space    used 16075K, committed 17152K, reserved 1048576K
}
Event: 15.005 GC heap before
{Heap before GC invocations=49 (full 0):
 garbage-first heap   total 249856K, used 220120K [0x0000000080000000, 0x0000000100000000)
  region size 1024K, 70 young (71680K), 7 survivors (7168K)
 Metaspace       used 119787K, committed 121920K, reserved 1179648K
  class space    used 16480K, committed 17536K, reserved 1048576K
}
Event: 15.018 GC heap after
{Heap after GC invocations=50 (full 0):
 garbage-first heap   total 377856K, used 164749K [0x0000000080000000, 0x0000000100000000)
  region size 1024K, 9 young (9216K), 9 survivors (9216K)
 Metaspace       used 119787K, committed 121920K, reserved 1179648K
  class space    used 16480K, committed 17536K, reserved 1048576K
}

